{"/home/usuario/react-ninja-02/jest/div.js": {"path":"/home/usuario/react-ninja-02/jest/div.js","statementMap":{"0":{"start":{"line":2,"column":2},"end":{"line":2,"column":10}}},"fnMap":{"0":{"name":"(anonymous_0)","decl":{"start":{"line":1,"column":15},"end":{"line":1,"column":16}},"loc":{"start":{"line":1,"column":21},"end":{"line":3,"column":1}},"line":1}},"branchMap":{},"s":{"0":1},"f":{"0":1},"b":{},"_coverageSchema":"1a1c01bbd47fc00a2c39e90264f33305004495a9","hash":"cce4f7ff205e7497c9f9e48862ec5b22db7617d2"}
,"/home/usuario/react-ninja-02/jest/sum.js": {"path":"/home/usuario/react-ninja-02/jest/sum.js","statementMap":{"0":{"start":{"line":2,"column":2},"end":{"line":2,"column":10}}},"fnMap":{"0":{"name":"sum","decl":{"start":{"line":1,"column":9},"end":{"line":1,"column":12}},"loc":{"start":{"line":1,"column":15},"end":{"line":3,"column":1}},"line":1}},"branchMap":{},"s":{"0":1},"f":{"0":1},"b":{},"_coverageSchema":"1a1c01bbd47fc00a2c39e90264f33305004495a9","hash":"202707b7370ffe0d2fffbdff4cc71f7b6e2e1ac5"}
}
